#
# There is insufficient memory for the Java Runtime Environment to continue.
# Native memory allocation (malloc) failed to allocate 358088704 bytes for committing reserved memory.
# Possible reasons:
#   The system is out of physical RAM or swap space
#   In 32 bit mode, the process size limit was hit
# Possible solutions:
#   Reduce memory load on the system
#   Increase physical memory or swap space
#   Check if swap backing store is full
#   Use 64 bit Java on a 64 bit OS
#   Decrease Java heap size (-Xmx/-Xms)
#   Decrease number of Java threads
#   Decrease Java thread stack sizes (-Xss)
#   Set larger code cache with -XX:ReservedCodeCacheSize=
# This output file may be truncated or incomplete.
#
#  Out of Memory Error (os_linux.cpp:2798), pid=10728, tid=139679681615616
#
# JRE version:  (7.0_75-b13) (build )
# Java VM: OpenJDK 64-Bit Server VM (24.75-b04 mixed mode linux-amd64 compressed oops)
# Derivative: IcedTea 2.5.4
# Distribution: Ubuntu 12.04 LTS, package 7u75-2.5.4-1~precise1
# Failed to write core dump. Core dumps have been disabled. To enable core dumping, try "ulimit -c unlimited" before starting Java again
#

---------------  T H R E A D  ---------------

Current thread (0x00007f09ac00a000):  JavaThread "Unknown thread" [_thread_in_vm, id=10773, stack(0x00007f09b5be1000,0x00007f09b5ce2000)]

Stack: [0x00007f09b5be1000,0x00007f09b5ce2000],  sp=0x00007f09b5ce0420,  free space=1021k
Native frames: (J=compiled Java code, j=interpreted, Vv=VM code, C=native code)
V  [libjvm.so+0x926043]  VMError::report_and_die()+0x173
V  [libjvm.so+0x488be0]  report_vm_out_of_memory(char const*, int, unsigned long, char const*)+0x70
V  [libjvm.so+0x7ab063]  os::pd_commit_memory(char*, unsigned long, unsigned long, bool)+0x103
V  [libjvm.so+0x7a4d56]  os::commit_memory(char*, unsigned long, unsigned long, bool)+0x26
V  [libjvm.so+0x81362b]  PSVirtualSpace::expand_by(unsigned long)+0x6b
V  [libjvm.so+0x813fc6]  PSYoungGen::initialize_virtual_space(ReservedSpace, unsigned long)+0x86
V  [libjvm.so+0x8146d0]  PSYoungGen::initialize(ReservedSpace, unsigned long)+0x50
V  [libjvm.so+0x2aca9d]  AdjoiningGenerations::AdjoiningGenerations(ReservedSpace, unsigned long, unsigned long, unsigned long, unsigned long, unsigned long, unsigned long, unsigned long)+0x36d
V  [libjvm.so+0x7ca349]  ParallelScavengeHeap::initialize()+0x429
V  [libjvm.so+0x8f7966]  Universe::initialize_heap()+0xc6
V  [libjvm.so+0x8f7ca4]  universe_init()+0x64
V  [libjvm.so+0x58f3af]  init_globals()+0x4f
V  [libjvm.so+0x8de2a9]  Threads::create_vm(JavaVMInitArgs*, bool*)+0x329
V  [libjvm.so+0x5f9eaa]  JNI_CreateJavaVM+0x5a
C  [libjli.so+0x2a47]


---------------  P R O C E S S  ---------------

Java Threads: ( => current thread )

Other Threads:

=>0x00007f09ac00a000 (exited) JavaThread "Unknown thread" [_thread_in_vm, id=10773, stack(0x00007f09b5be1000,0x00007f09b5ce2000)]

VM state:not at safepoint (not fully initialized)

VM Mutex/Monitor currently owned by a thread: None

GC Heap History (0 events):
No events

Deoptimization events (0 events):
No events

Internal exceptions (0 events):
No events

Events (0 events):
No events


Dynamic libraries:
00400000-00401000 r-xp 00000000 07:00 493691                             /usr/lib/jvm/java-7-openjdk-amd64/jre/bin/java
00600000-00601000 r--p 00000000 07:00 493691                             /usr/lib/jvm/java-7-openjdk-amd64/jre/bin/java
00601000-00602000 rw-p 00001000 07:00 493691                             /usr/lib/jvm/java-7-openjdk-amd64/jre/bin/java
011b0000-011d1000 rw-p 00000000 00:00 0                                  [heap]
aff80000-eaa80000 rw-p 00000000 00:00 0 
7f09a9000000-7f09a9270000 rwxp 00000000 00:00 0 
7f09a9270000-7f09ac022000 rw-p 00000000 00:00 0 
7f09ac022000-7f09b0000000 ---p 00000000 00:00 0 
7f09b2398000-7f09b25d7000 rw-p 00000000 00:00 0 
7f09b25d7000-7f09b2857000 rw-p 00000000 00:00 0 
7f09b2857000-7f09b2858000 rw-p 00000000 00:00 0 
7f09b2858000-7f09b2860000 r-xp 00000000 07:00 474338                     /usr/lib/jvm/java-7-openjdk-amd64/jre/lib/amd64/libzip.so
7f09b2860000-7f09b2a5f000 ---p 00008000 07:00 474338                     /usr/lib/jvm/java-7-openjdk-amd64/jre/lib/amd64/libzip.so
7f09b2a5f000-7f09b2a60000 r--p 00007000 07:00 474338                     /usr/lib/jvm/java-7-openjdk-amd64/jre/lib/amd64/libzip.so
7f09b2a60000-7f09b2a61000 rw-p 00008000 07:00 474338                     /usr/lib/jvm/java-7-openjdk-amd64/jre/lib/amd64/libzip.so
7f09b2a61000-7f09b2a6d000 r-xp 00000000 07:00 267614                     /lib/x86_64-linux-gnu/libnss_files-2.15.so
7f09b2a6d000-7f09b2c6c000 ---p 0000c000 07:00 267614                     /lib/x86_64-linux-gnu/libnss_files-2.15.so
7f09b2c6c000-7f09b2c6d000 r--p 0000b000 07:00 267614                     /lib/x86_64-linux-gnu/libnss_files-2.15.so
7f09b2c6d000-7f09b2c6e000 rw-p 0000c000 07:00 267614                     /lib/x86_64-linux-gnu/libnss_files-2.15.so
7f09b2c6e000-7f09b2c78000 r-xp 00000000 07:00 267480                     /lib/x86_64-linux-gnu/libnss_nis-2.15.so
7f09b2c78000-7f09b2e78000 ---p 0000a000 07:00 267480                     /lib/x86_64-linux-gnu/libnss_nis-2.15.so
7f09b2e78000-7f09b2e79000 r--p 0000a000 07:00 267480                     /lib/x86_64-linux-gnu/libnss_nis-2.15.so
7f09b2e79000-7f09b2e7a000 rw-p 0000b000 07:00 267480                     /lib/x86_64-linux-gnu/libnss_nis-2.15.so
7f09b2e7a000-7f09b2e91000 r-xp 00000000 07:00 267489                     /lib/x86_64-linux-gnu/libnsl-2.15.so
7f09b2e91000-7f09b3090000 ---p 00017000 07:00 267489                     /lib/x86_64-linux-gnu/libnsl-2.15.so
7f09b3090000-7f09b3091000 r--p 00016000 07:00 267489                     /lib/x86_64-linux-gnu/libnsl-2.15.so
7f09b3091000-7f09b3092000 rw-p 00017000 07:00 267489                     /lib/x86_64-linux-gnu/libnsl-2.15.so
7f09b3092000-7f09b3094000 rw-p 00000000 00:00 0 
7f09b3094000-7f09b309c000 r-xp 00000000 07:00 267613                     /lib/x86_64-linux-gnu/libnss_compat-2.15.so
7f09b309c000-7f09b329b000 ---p 00008000 07:00 267613                     /lib/x86_64-linux-gnu/libnss_compat-2.15.so
7f09b329b000-7f09b329c000 r--p 00007000 07:00 267613                     /lib/x86_64-linux-gnu/libnss_compat-2.15.so
7f09b329c000-7f09b329d000 rw-p 00008000 07:00 267613                     /lib/x86_64-linux-gnu/libnss_compat-2.15.so
7f09b329d000-7f09b32c6000 r-xp 00000000 07:00 474335                     /usr/lib/jvm/java-7-openjdk-amd64/jre/lib/amd64/libjava.so
7f09b32c6000-7f09b34c5000 ---p 00029000 07:00 474335                     /usr/lib/jvm/java-7-openjdk-amd64/jre/lib/amd64/libjava.so
7f09b34c5000-7f09b34c6000 r--p 00028000 07:00 474335                     /usr/lib/jvm/java-7-openjdk-amd64/jre/lib/amd64/libjava.so
7f09b34c6000-7f09b34c8000 rw-p 00029000 07:00 474335                     /usr/lib/jvm/java-7-openjdk-amd64/jre/lib/amd64/libjava.so
7f09b34c8000-7f09b34d6000 r-xp 00000000 07:00 474350                     /usr/lib/jvm/java-7-openjdk-amd64/jre/lib/amd64/libverify.so
7f09b34d6000-7f09b36d5000 ---p 0000e000 07:00 474350                     /usr/lib/jvm/java-7-openjdk-amd64/jre/lib/amd64/libverify.so
7f09b36d5000-7f09b36d7000 r--p 0000d000 07:00 474350                     /usr/lib/jvm/java-7-openjdk-amd64/jre/lib/amd64/libverify.so
7f09b36d7000-7f09b36d8000 rw-p 0000f000 07:00 474350                     /usr/lib/jvm/java-7-openjdk-amd64/jre/lib/amd64/libverify.so
7f09b36d8000-7f09b36df000 r-xp 00000000 07:00 267584                     /lib/x86_64-linux-gnu/librt-2.15.so
7f09b36df000-7f09b38de000 ---p 00007000 07:00 267584                     /lib/x86_64-linux-gnu/librt-2.15.so
7f09b38de000-7f09b38df000 r--p 00006000 07:00 267584                     /lib/x86_64-linux-gnu/librt-2.15.so
7f09b38df000-7f09b38e0000 rw-p 00007000 07:00 267584                     /lib/x86_64-linux-gnu/librt-2.15.so
7f09b38e0000-7f09b38f5000 r-xp 00000000 07:00 267568                     /lib/x86_64-linux-gnu/libgcc_s.so.1
7f09b38f5000-7f09b3af4000 ---p 00015000 07:00 267568                     /lib/x86_64-linux-gnu/libgcc_s.so.1
7f09b3af4000-7f09b3af5000 r--p 00014000 07:00 267568                     /lib/x86_64-linux-gnu/libgcc_s.so.1
7f09b3af5000-7f09b3af6000 rw-p 00015000 07:00 267568                     /lib/x86_64-linux-gnu/libgcc_s.so.1
7f09b3af6000-7f09b3bf1000 r-xp 00000000 07:00 267581                     /lib/x86_64-linux-gnu/libm-2.15.so
7f09b3bf1000-7f09b3df0000 ---p 000fb000 07:00 267581                     /lib/x86_64-linux-gnu/libm-2.15.so
7f09b3df0000-7f09b3df1000 r--p 000fa000 07:00 267581                     /lib/x86_64-linux-gnu/libm-2.15.so
7f09b3df1000-7f09b3df2000 rw-p 000fb000 07:00 267581                     /lib/x86_64-linux-gnu/libm-2.15.so
7f09b3df2000-7f09b3ed4000 r-xp 00000000 07:00 21792                      /usr/lib/x86_64-linux-gnu/libstdc++.so.6.0.16
7f09b3ed4000-7f09b40d3000 ---p 000e2000 07:00 21792                      /usr/lib/x86_64-linux-gnu/libstdc++.so.6.0.16
7f09b40d3000-7f09b40db000 r--p 000e1000 07:00 21792                      /usr/lib/x86_64-linux-gnu/libstdc++.so.6.0.16
7f09b40db000-7f09b40dd000 rw-p 000e9000 07:00 21792                      /usr/lib/x86_64-linux-gnu/libstdc++.so.6.0.16
7f09b40dd000-7f09b40f2000 rw-p 00000000 00:00 0 
7f09b40f2000-7f09b4be1000 r-xp 00000000 07:00 475140                     /usr/lib/jvm/java-7-openjdk-amd64/jre/lib/amd64/server/libjvm.so
7f09b4be1000-7f09b4de0000 ---p 00aef000 07:00 475140                     /usr/lib/jvm/java-7-openjdk-amd64/jre/lib/amd64/server/libjvm.so
7f09b4de0000-7f09b4e81000 r--p 00aee000 07:00 475140                     /usr/lib/jvm/java-7-openjdk-amd64/jre/lib/amd64/server/libjvm.so
7f09b4e81000-7f09b4ea4000 rw-p 00b8f000 07:00 475140                     /usr/lib/jvm/java-7-openjdk-amd64/jre/lib/amd64/server/libjvm.so
7f09b4ea4000-7f09b4ed1000 rw-p 00000000 00:00 0 
7f09b4ed1000-7f09b4ee7000 r-xp 00000000 07:00 267635                     /lib/x86_64-linux-gnu/libz.so.1.2.3.4
7f09b4ee7000-7f09b50e6000 ---p 00016000 07:00 267635                     /lib/x86_64-linux-gnu/libz.so.1.2.3.4
7f09b50e6000-7f09b50e7000 r--p 00015000 07:00 267635                     /lib/x86_64-linux-gnu/libz.so.1.2.3.4
7f09b50e7000-7f09b50e8000 rw-p 00016000 07:00 267635                     /lib/x86_64-linux-gnu/libz.so.1.2.3.4
7f09b50e8000-7f09b5100000 r-xp 00000000 07:00 267627                     /lib/x86_64-linux-gnu/libpthread-2.15.so
7f09b5100000-7f09b52ff000 ---p 00018000 07:00 267627                     /lib/x86_64-linux-gnu/libpthread-2.15.so
7f09b52ff000-7f09b5300000 r--p 00017000 07:00 267627                     /lib/x86_64-linux-gnu/libpthread-2.15.so
7f09b5300000-7f09b5301000 rw-p 00018000 07:00 267627                     /lib/x86_64-linux-gnu/libpthread-2.15.so
7f09b5301000-7f09b5305000 rw-p 00000000 00:00 0 
7f09b5305000-7f09b5307000 r-xp 00000000 07:00 267487                     /lib/x86_64-linux-gnu/libdl-2.15.so
7f09b5307000-7f09b5507000 ---p 00002000 07:00 267487                     /lib/x86_64-linux-gnu/libdl-2.15.so
7f09b5507000-7f09b5508000 r--p 00002000 07:00 267487                     /lib/x86_64-linux-gnu/libdl-2.15.so
7f09b5508000-7f09b5509000 rw-p 00003000 07:00 267487                     /lib/x86_64-linux-gnu/libdl-2.15.so
7f09b5509000-7f09b56be000 r-xp 00000000 07:00 267481                     /lib/x86_64-linux-gnu/libc-2.15.so
7f09b56be000-7f09b58be000 ---p 001b5000 07:00 267481                     /lib/x86_64-linux-gnu/libc-2.15.so
7f09b58be000-7f09b58c2000 r--p 001b5000 07:00 267481                     /lib/x86_64-linux-gnu/libc-2.15.so
7f09b58c2000-7f09b58c4000 rw-p 001b9000 07:00 267481                     /lib/x86_64-linux-gnu/libc-2.15.so
7f09b58c4000-7f09b58c9000 rw-p 00000000 00:00 0 
7f09b58c9000-7f09b58d6000 r-xp 00000000 07:00 478210                     /usr/lib/jvm/java-7-openjdk-amd64/jre/lib/amd64/jli/libjli.so
7f09b58d6000-7f09b5ad5000 ---p 0000d000 07:00 478210                     /usr/lib/jvm/java-7-openjdk-amd64/jre/lib/amd64/jli/libjli.so
7f09b5ad5000-7f09b5ad6000 r--p 0000c000 07:00 478210                     /usr/lib/jvm/java-7-openjdk-amd64/jre/lib/amd64/jli/libjli.so
7f09b5ad6000-7f09b5ad7000 rw-p 0000d000 07:00 478210                     /usr/lib/jvm/java-7-openjdk-amd64/jre/lib/amd64/jli/libjli.so
7f09b5ad7000-7f09b5af9000 r-xp 00000000 07:00 267593                     /lib/x86_64-linux-gnu/ld-2.15.so
7f09b5b21000-7f09b5b2b000 rw-p 00000000 00:00 0 
7f09b5b2b000-7f09b5be1000 rw-p 00000000 00:00 0 
7f09b5be1000-7f09b5be4000 ---p 00000000 00:00 0 
7f09b5be4000-7f09b5ce7000 rw-p 00000000 00:00 0                          [stack:10773]
7f09b5ceb000-7f09b5ced000 rw-p 00000000 00:00 0 
7f09b5ced000-7f09b5cf5000 rw-s 00000000 07:00 493781                     /tmp/hsperfdata_root/10728
7f09b5cf5000-7f09b5cf6000 rw-p 00000000 00:00 0 
7f09b5cf6000-7f09b5cf7000 r--p 00000000 00:00 0 
7f09b5cf7000-7f09b5cf9000 rw-p 00000000 00:00 0 
7f09b5cf9000-7f09b5cfa000 r--p 00022000 07:00 267593                     /lib/x86_64-linux-gnu/ld-2.15.so
7f09b5cfa000-7f09b5cfc000 rw-p 00023000 07:00 267593                     /lib/x86_64-linux-gnu/ld-2.15.so
7fffdd44b000-7fffdd46c000 rw-p 00000000 00:00 0                          [stack]
7fffdd5fe000-7fffdd600000 r-xp 00000000 00:00 0                          [vdso]
ffffffffff600000-ffffffffff601000 r-xp 00000000 00:00 0                  [vsyscall]

VM Arguments:
jvm_args: -Dactivator.home=/host/play/activator-1.3.2-minimal/mbajobs -Xms1024m -Xmx1024m -XX:PermSize=64m -XX:MaxPermSize=256m 
java_command: /host/play/activator-1.3.2-minimal/mbajobs/activator-launch-1.3.2.jar run
Launcher Type: SUN_STANDARD

Environment Variables:
PATH=/usr/local/sbin:/usr/local/bin:/usr/sbin:/usr/bin:/sbin:/bin
USERNAME=root
SHELL=/bin/bash
DISPLAY=:0

Signal Handlers:
SIGSEGV: [libjvm.so+0x926aa0], sa_mask[0]=0x7ffbfeff, sa_flags=0x10000004
SIGBUS: [libjvm.so+0x926aa0], sa_mask[0]=0x7ffbfeff, sa_flags=0x10000004
SIGFPE: [libjvm.so+0x7a59e0], sa_mask[0]=0x7ffbfeff, sa_flags=0x10000004
SIGPIPE: [libjvm.so+0x7a59e0], sa_mask[0]=0x7ffbfeff, sa_flags=0x10000004
SIGXFSZ: [libjvm.so+0x7a59e0], sa_mask[0]=0x7ffbfeff, sa_flags=0x10000004
SIGILL: [libjvm.so+0x7a59e0], sa_mask[0]=0x7ffbfeff, sa_flags=0x10000004
SIGUSR1: SIG_DFL, sa_mask[0]=0x00000000, sa_flags=0x00000000
SIGUSR2: [libjvm.so+0x7a5c00], sa_mask[0]=0x00000000, sa_flags=0x10000004
SIGHUP: SIG_DFL, sa_mask[0]=0x00000000, sa_flags=0x00000000
SIGINT: SIG_DFL, sa_mask[0]=0x00000000, sa_flags=0x00000000
SIGTERM: SIG_DFL, sa_mask[0]=0x00000000, sa_flags=0x00000000
SIGQUIT: SIG_DFL, sa_mask[0]=0x00000000, sa_flags=0x00000000
SIGTRAP: SIG_DFL, sa_mask[0]=0x00000000, sa_flags=0x00000000


---------------  S Y S T E M  ---------------

OS:Ubuntu 12.04 (precise)
uname:Linux 3.11.0-23-generic #40~precise1-Ubuntu SMP Wed Jun 4 22:06:36 UTC 2014 x86_64
libc:glibc 2.15 NPTL 2.15 
rlimit: STACK 8192k, CORE 0k, NPROC 30529, NOFILE 4096, AS infinity
load average:0.24 0.73 1.06

/proc/meminfo:
MemTotal:        3926872 kB
MemFree:          153620 kB
Buffers:           64068 kB
Cached:           421600 kB
SwapCached:        30112 kB
Active:          2677536 kB
Inactive:         893912 kB
Active(anon):    2577724 kB
Inactive(anon):   787128 kB
Active(file):      99812 kB
Inactive(file):   106784 kB
Unevictable:        3312 kB
Mlocked:             632 kB
SwapTotal:        262140 kB
SwapFree:              0 kB
Dirty:               120 kB
Writeback:             0 kB
AnonPages:       3059552 kB
Mapped:           137916 kB
Shmem:            276368 kB
Slab:              75060 kB
SReclaimable:      38664 kB
SUnreclaim:        36396 kB
KernelStack:        5688 kB
PageTables:        53048 kB
NFS_Unstable:          0 kB
Bounce:                0 kB
WritebackTmp:          0 kB
CommitLimit:     2225576 kB
Committed_AS:   10191748 kB
VmallocTotal:   34359738367 kB
VmallocUsed:      347540 kB
VmallocChunk:   34359371388 kB
HardwareCorrupted:     0 kB
AnonHugePages:         0 kB
HugePages_Total:       0
HugePages_Free:        0
HugePages_Rsvd:        0
HugePages_Surp:        0
Hugepagesize:       2048 kB
DirectMap4k:      104840 kB
DirectMap2M:     3969024 kB


CPU:total 4 (2 cores per cpu, 2 threads per core) family 6 model 58 stepping 9, cmov, cx8, fxsr, mmx, sse, sse2, sse3, ssse3, sse4.1, sse4.2, popcnt, avx, aes, erms, ht, tsc, tscinvbit, tscinv

/proc/cpuinfo:
processor	: 0
vendor_id	: GenuineIntel
cpu family	: 6
model		: 58
model name	: Intel(R) Core(TM) i5-3210M CPU @ 2.50GHz
stepping	: 9
microcode	: 0x12
cpu MHz		: 2501.000
cache size	: 3072 KB
physical id	: 0
siblings	: 4
core id		: 0
cpu cores	: 2
apicid		: 0
initial apicid	: 0
fpu		: yes
fpu_exception	: yes
cpuid level	: 13
wp		: yes
flags		: fpu vme de pse tsc msr pae mce cx8 apic sep mtrr pge mca cmov pat pse36 clflush dts acpi mmx fxsr sse sse2 ss ht tm pbe syscall nx rdtscp lm constant_tsc arch_perfmon pebs bts rep_good nopl xtopology nonstop_tsc aperfmperf eagerfpu pni pclmulqdq dtes64 monitor ds_cpl vmx est tm2 ssse3 cx16 xtpr pdcm pcid sse4_1 sse4_2 x2apic popcnt tsc_deadline_timer aes xsave avx f16c rdrand lahf_lm ida arat epb xsaveopt pln pts dtherm tpr_shadow vnmi flexpriority ept vpid fsgsbase smep erms
bogomips	: 4988.57
clflush size	: 64
cache_alignment	: 64
address sizes	: 36 bits physical, 48 bits virtual
power management:

processor	: 1
vendor_id	: GenuineIntel
cpu family	: 6
model		: 58
model name	: Intel(R) Core(TM) i5-3210M CPU @ 2.50GHz
stepping	: 9
microcode	: 0x12
cpu MHz		: 1200.000
cache size	: 3072 KB
physical id	: 0
siblings	: 4
core id		: 1
cpu cores	: 2
apicid		: 2
initial apicid	: 2
fpu		: yes
fpu_exception	: yes
cpuid level	: 13
wp		: yes
flags		: fpu vme de pse tsc msr pae mce cx8 apic sep mtrr pge mca cmov pat pse36 clflush dts acpi mmx fxsr sse sse2 ss ht tm pbe syscall nx rdtscp lm constant_tsc arch_perfmon pebs bts rep_good nopl xtopology nonstop_tsc aperfmperf eagerfpu pni pclmulqdq dtes64 monitor ds_cpl vmx est tm2 ssse3 cx16 xtpr pdcm pcid sse4_1 sse4_2 x2apic popcnt tsc_deadline_timer aes xsave avx f16c rdrand lahf_lm ida arat epb xsaveopt pln pts dtherm tpr_shadow vnmi flexpriority ept vpid fsgsbase smep erms
bogomips	: 4988.57
clflush size	: 64
cache_alignment	: 64
address sizes	: 36 bits physical, 48 bits virtual
power management:

processor	: 2
vendor_id	: GenuineIntel
cpu family	: 6
model		: 58
model name	: Intel(R) Core(TM) i5-3210M CPU @ 2.50GHz
stepping	: 9
microcode	: 0x12
cpu MHz		: 1200.000
cache size	: 3072 KB
physical id	: 0
siblings	: 4
core id		: 0
cpu cores	: 2
apicid		: 1
initial apicid	: 1
fpu		: yes
fpu_exception	: yes
cpuid level	: 13
wp		: yes
flags		: fpu vme de pse tsc msr pae mce cx8 apic sep mtrr pge mca cmov pat pse36 clflush dts acpi mmx fxsr sse sse2 ss ht tm pbe syscall nx rdtscp lm constant_tsc arch_perfmon pebs bts rep_good nopl xtopology nonstop_tsc aperfmperf eagerfpu pni pclmulqdq dtes64 monitor ds_cpl vmx est tm2 ssse3 cx16 xtpr pdcm pcid sse4_1 sse4_2 x2apic popcnt tsc_deadline_timer aes xsave avx f16c rdrand lahf_lm ida arat epb xsaveopt pln pts dtherm tpr_shadow vnmi flexpriority ept vpid fsgsbase smep erms
bogomips	: 4988.57
clflush size	: 64
cache_alignment	: 64
address sizes	: 36 bits physical, 48 bits virtual
power management:

processor	: 3
vendor_id	: GenuineIntel
cpu family	: 6
model		: 58
model name	: Intel(R) Core(TM) i5-3210M CPU @ 2.50GHz
stepping	: 9
microcode	: 0x12
cpu MHz		: 1200.000
cache size	: 3072 KB
physical id	: 0
siblings	: 4
core id		: 1
cpu cores	: 2
apicid		: 3
initial apicid	: 3
fpu		: yes
fpu_exception	: yes
cpuid level	: 13
wp		: yes
flags		: fpu vme de pse tsc msr pae mce cx8 apic sep mtrr pge mca cmov pat pse36 clflush dts acpi mmx fxsr sse sse2 ss ht tm pbe syscall nx rdtscp lm constant_tsc arch_perfmon pebs bts rep_good nopl xtopology nonstop_tsc aperfmperf eagerfpu pni pclmulqdq dtes64 monitor ds_cpl vmx est tm2 ssse3 cx16 xtpr pdcm pcid sse4_1 sse4_2 x2apic popcnt tsc_deadline_timer aes xsave avx f16c rdrand lahf_lm ida arat epb xsaveopt pln pts dtherm tpr_shadow vnmi flexpriority ept vpid fsgsbase smep erms
bogomips	: 4988.57
clflush size	: 64
cache_alignment	: 64
address sizes	: 36 bits physical, 48 bits virtual
power management:



Memory: 4k page, physical 3926872k(153620k free), swap 262140k(0k free)

vm_info: OpenJDK 64-Bit Server VM (24.75-b04) for linux-amd64 JRE (1.7.0_75-b13), built on Jan 27 2015 16:25:00 by "buildd" with gcc 4.6.3

time: Thu Mar 12 22:58:59 2015
elapsed time: 0 seconds

